<?xml version="1.0" encoding="UTF-8"?>
<!-- Generated by org.testng.reporters.JUnitReportReporter -->
<testsuite hostname="Rohit-PC" name="com.servicenow.demo.reports.ReportHtml" tests="1" failures="0" timestamp="19 Mar 2018 22:15:45 GMT" time="17.443" errors="0">
  <testcase name="verifysum" time="17.443" classname="com.servicenow.demo.reports.ReportHtml"/>
</testsuite> <!-- com.servicenow.demo.reports.ReportHtml -->
