<?xml version="1.0" encoding="UTF-8"?>
<!-- Generated by org.testng.reporters.JUnitReportReporter -->
<testsuite hostname="Rohit-PC" name="com.servicenow.demo.selenium_framework.reports.ReportHtml" tests="1" failures="0" timestamp="6 Mar 2018 23:00:33 GMT" time="16.456" errors="0">
  <testcase name="verifysum" time="16.456" classname="com.servicenow.demo.selenium_framework.reports.ReportHtml"/>
</testsuite> <!-- com.servicenow.demo.selenium_framework.reports.ReportHtml -->
